{
"contracts/SimpleSwap.sol":{"l":{"71":23,"72":23,"74":23,"75":12,"76":12,"78":11,"79":11,"118":31,"119":28,"153":18,"158":18,"159":18,"161":17,"162":17,"163":17,"164":17,"165":17,"167":17,"168":15,"169":15,"170":15,"171":15,"173":2,"177":2,"178":1,"182":0,"183":0,"185":1,"188":1,"192":0,"193":0,"196":0,"200":0,"203":15,"204":15,"206":15,"207":9,"208":9,"210":6,"211":6,"214":15,"215":15,"217":15,"225":15,"252":5,"257":5,"258":5,"260":5,"261":5,"262":5,"263":5,"264":5,"265":5,"267":5,"269":4,"270":4,"272":4,"273":3,"275":2,"276":2,"278":2,"279":1,"280":1,"282":1,"283":1,"286":2,"287":2,"289":2,"296":2,"318":5,"319":5,"320":5,"322":4,"323":4,"325":4,"331":3,"333":3,"334":3,"335":3,"336":3,"338":3,"340":3,"342":3,"344":2,"345":1,"346":1,"348":1,"349":1,"352":2,"354":2,"356":2,"357":2,"358":2,"360":2,"372":6,"373":4,"379":3,"381":2,"382":2,"383":2,"384":2,"386":2,"399":3,"400":3,"401":3,"402":3,"403":3},"path":"/home/transfor/TP-Modulo-4/contracts/SimpleSwap.sol","s":{"1":23,"2":23,"3":23,"4":31,"5":18,"6":18,"7":18,"8":17,"9":17,"10":15,"11":2,"12":2,"13":1,"14":1,"15":1,"16":0,"17":15,"18":15,"19":15,"20":15,"21":15,"22":5,"23":5,"24":5,"25":5,"26":5,"27":4,"28":3,"29":2,"30":2,"31":2,"32":2,"33":2,"34":5,"35":5,"36":5,"37":4,"38":4,"39":4,"40":3,"41":3,"42":3,"43":3,"44":2,"45":2,"46":2,"47":2,"48":6,"49":4,"50":3,"51":1,"52":2,"53":2,"54":3,"55":3,"56":3,"57":3,"58":0,"59":3},"b":{"1":[23,0],"2":[23,0],"3":[12,11],"4":[28,3],"5":[19,0],"6":[18,1],"7":[18,0],"8":[9,9],"9":[18,0],"10":[17,1],"11":[17,0],"12":[9,8],"13":[9,8],"14":[15,2],"15":[15,0],"16":[2,0],"17":[1,1],"18":[0,1],"19":[1,0],"20":[0,1],"21":[0,0],"22":[9,6],"23":[6,0],"24":[5,1],"25":[5,0],"26":[4,1],"27":[5,0],"28":[5,0],"29":[4,1],"30":[4,1],"31":[4,1],"32":[3,1],"33":[2,1],"34":[1,1],"35":[6,0],"36":[5,1],"37":[5,0],"38":[5,0],"39":[4,1],"40":[3,1],"41":[2,1],"42":[2,1],"43":[2,1],"44":[3,0],"45":[2,1],"46":[1,1],"47":[4,2],"48":[3,1],"49":[2,1],"50":[1,2],"51":[1,0],"52":[1,1],"53":[1,1],"54":[0,3]},"f":{"1":23,"2":31,"3":18,"4":5,"5":5,"6":6,"7":3},"fnMap":{"1":{"name":"constructor","line":70,"loc":{"start":{"line":70,"column":4},"end":{"line":81,"column":4}}},"2":{"name":"ensure","line":117,"loc":{"start":{"line":117,"column":4},"end":{"line":120,"column":4}}},"3":{"name":"addLiquidity","line":146,"loc":{"start":{"line":134,"column":4},"end":{"line":226,"column":4}}},"4":{"name":"removeLiquidity","line":249,"loc":{"start":{"line":238,"column":4},"end":{"line":297,"column":4}}},"5":{"name":"swapExactTokensForTokens","line":315,"loc":{"start":{"line":306,"column":4},"end":{"line":361,"column":4}}},"6":{"name":"getPrice","line":367,"loc":{"start":{"line":367,"column":4},"end":{"line":387,"column":4}}},"7":{"name":"getAmountOut","line":394,"loc":{"start":{"line":394,"column":4},"end":{"line":404,"column":4}}}},"statementMap":{"1":{"start":{"line":71,"column":8},"end":{"line":71,"column":87}},"2":{"start":{"line":72,"column":8},"end":{"line":72,"column":62}},"3":{"start":{"line":74,"column":8},"end":{"line":74,"column":2620}},"4":{"start":{"line":118,"column":8},"end":{"line":118,"column":66}},"5":{"start":{"line":153,"column":8},"end":{"line":153,"column":5108}},"6":{"start":{"line":158,"column":8},"end":{"line":158,"column":56}},"7":{"start":{"line":159,"column":8},"end":{"line":159,"column":85}},"8":{"start":{"line":161,"column":8},"end":{"line":161,"column":38}},"9":{"start":{"line":167,"column":8},"end":{"line":167,"column":5691}},"10":{"start":{"line":171,"column":12},"end":{"line":171,"column":58}},"11":{"start":{"line":173,"column":12},"end":{"line":173,"column":5977}},"12":{"start":{"line":177,"column":12},"end":{"line":177,"column":6113}},"13":{"start":{"line":178,"column":16},"end":{"line":178,"column":6173}},"14":{"start":{"line":185,"column":16},"end":{"line":185,"column":6433}},"15":{"start":{"line":188,"column":16},"end":{"line":188,"column":6580}},"16":{"start":{"line":200,"column":12},"end":{"line":200,"column":63}},"17":{"start":{"line":203,"column":8},"end":{"line":203,"column":77}},"18":{"start":{"line":204,"column":8},"end":{"line":204,"column":77}},"19":{"start":{"line":206,"column":8},"end":{"line":206,"column":7236}},"20":{"start":{"line":217,"column":8},"end":{"line":217,"column":7614}},"21":{"start":{"line":225,"column":8},"end":{"line":225,"column":56}},"22":{"start":{"line":252,"column":8},"end":{"line":252,"column":8815}},"23":{"start":{"line":257,"column":8},"end":{"line":257,"column":56}},"24":{"start":{"line":258,"column":8},"end":{"line":258,"column":67}},"25":{"start":{"line":260,"column":8},"end":{"line":260,"column":41}},"26":{"start":{"line":267,"column":8},"end":{"line":267,"column":78}},"27":{"start":{"line":272,"column":8},"end":{"line":272,"column":71}},"28":{"start":{"line":273,"column":8},"end":{"line":273,"column":71}},"29":{"start":{"line":278,"column":8},"end":{"line":278,"column":9979}},"30":{"start":{"line":286,"column":8},"end":{"line":286,"column":53}},"31":{"start":{"line":287,"column":8},"end":{"line":287,"column":53}},"32":{"start":{"line":289,"column":8},"end":{"line":289,"column":10380}},"33":{"start":{"line":296,"column":8},"end":{"line":296,"column":51}},"34":{"start":{"line":318,"column":8},"end":{"line":318,"column":54}},"35":{"start":{"line":319,"column":8},"end":{"line":319,"column":56}},"36":{"start":{"line":320,"column":8},"end":{"line":320,"column":49}},"37":{"start":{"line":322,"column":8},"end":{"line":322,"column":34}},"38":{"start":{"line":323,"column":8},"end":{"line":323,"column":35}},"39":{"start":{"line":325,"column":8},"end":{"line":325,"column":11581}},"40":{"start":{"line":331,"column":8},"end":{"line":331,"column":73}},"41":{"start":{"line":333,"column":8},"end":{"line":333,"column":30}},"42":{"start":{"line":338,"column":8},"end":{"line":338,"column":75}},"43":{"start":{"line":342,"column":8},"end":{"line":342,"column":67}},"44":{"start":{"line":344,"column":8},"end":{"line":344,"column":12284}},"45":{"start":{"line":352,"column":8},"end":{"line":352,"column":52}},"46":{"start":{"line":354,"column":8},"end":{"line":354,"column":76}},"47":{"start":{"line":360,"column":8},"end":{"line":360,"column":22}},"48":{"start":{"line":372,"column":8},"end":{"line":372,"column":80}},"49":{"start":{"line":373,"column":8},"end":{"line":373,"column":13273}},"50":{"start":{"line":379,"column":8},"end":{"line":379,"column":52}},"51":{"start":{"line":379,"column":44},"end":{"line":379,"column":52}},"52":{"start":{"line":381,"column":8},"end":{"line":381,"column":31}},"53":{"start":{"line":386,"column":8},"end":{"line":386,"column":51}},"54":{"start":{"line":399,"column":8},"end":{"line":399,"column":57}},"55":{"start":{"line":400,"column":8},"end":{"line":400,"column":56}},"56":{"start":{"line":401,"column":8},"end":{"line":401,"column":57}},"57":{"start":{"line":402,"column":8},"end":{"line":402,"column":38}},"58":{"start":{"line":402,"column":30},"end":{"line":402,"column":38}},"59":{"start":{"line":403,"column":8},"end":{"line":403,"column":38}}},"branchMap":{"1":{"line":71,"type":"if","locations":[{"start":{"line":71,"column":8},"end":{"line":71,"column":8}},{"start":{"line":71,"column":8},"end":{"line":71,"column":8}}]},"2":{"line":72,"type":"if","locations":[{"start":{"line":72,"column":8},"end":{"line":72,"column":8}},{"start":{"line":72,"column":8},"end":{"line":72,"column":8}}]},"3":{"line":74,"type":"if","locations":[{"start":{"line":74,"column":8},"end":{"line":74,"column":8}},{"start":{"line":74,"column":8},"end":{"line":74,"column":8}}]},"4":{"line":118,"type":"if","locations":[{"start":{"line":118,"column":8},"end":{"line":118,"column":8}},{"start":{"line":118,"column":8},"end":{"line":118,"column":8}}]},"5":{"line":145,"type":"if","locations":[{"start":{"line":145,"column":8},"end":{"line":145,"column":8}},{"start":{"line":145,"column":8},"end":{"line":145,"column":8}}]},"6":{"line":146,"type":"if","locations":[{"start":{"line":146,"column":8},"end":{"line":146,"column":8}},{"start":{"line":146,"column":8},"end":{"line":146,"column":8}}]},"7":{"line":153,"type":"if","locations":[{"start":{"line":153,"column":8},"end":{"line":153,"column":8}},{"start":{"line":153,"column":8},"end":{"line":153,"column":8}}]},"8":{"line":154,"type":"cond-expr","locations":[{"start":{"line":154,"column":12},"end":{"line":154,"column":51}},{"start":{"line":155,"column":12},"end":{"line":155,"column":51}}]},"9":{"line":158,"type":"if","locations":[{"start":{"line":158,"column":8},"end":{"line":158,"column":8}},{"start":{"line":158,"column":8},"end":{"line":158,"column":8}}]},"10":{"line":159,"type":"if","locations":[{"start":{"line":159,"column":8},"end":{"line":159,"column":8}},{"start":{"line":159,"column":8},"end":{"line":159,"column":8}}]},"11":{"line":159,"type":"cond-expr","locations":[{"start":{"line":159,"column":16},"end":{"line":159,"column":33}},{"start":{"line":159,"column":38},"end":{"line":159,"column":55}}]},"12":{"line":163,"type":"if","locations":[{"start":{"line":163,"column":45},"end":{"line":163,"column":52}},{"start":{"line":163,"column":56},"end":{"line":163,"column":63}}]},"13":{"line":164,"type":"if","locations":[{"start":{"line":164,"column":45},"end":{"line":164,"column":52}},{"start":{"line":164,"column":56},"end":{"line":164,"column":63}}]},"14":{"line":167,"type":"if","locations":[{"start":{"line":167,"column":8},"end":{"line":167,"column":8}},{"start":{"line":167,"column":8},"end":{"line":167,"column":8}}]},"15":{"line":171,"type":"if","locations":[{"start":{"line":171,"column":12},"end":{"line":171,"column":12}},{"start":{"line":171,"column":12},"end":{"line":171,"column":12}}]},"16":{"line":174,"type":"if","locations":[{"start":{"line":174,"column":18},"end":{"line":174,"column":63}},{"start":{"line":175,"column":18},"end":{"line":175,"column":18}}]},"17":{"line":177,"type":"if","locations":[{"start":{"line":177,"column":12},"end":{"line":177,"column":12}},{"start":{"line":177,"column":12},"end":{"line":177,"column":12}}]},"18":{"line":178,"type":"if","locations":[{"start":{"line":178,"column":16},"end":{"line":178,"column":16}},{"start":{"line":178,"column":16},"end":{"line":178,"column":16}}]},"19":{"line":186,"type":"if","locations":[{"start":{"line":186,"column":22},"end":{"line":186,"column":67}},{"start":{"line":187,"column":22},"end":{"line":187,"column":22}}]},"20":{"line":188,"type":"if","locations":[{"start":{"line":188,"column":16},"end":{"line":188,"column":16}},{"start":{"line":188,"column":16},"end":{"line":188,"column":16}}]},"21":{"line":200,"type":"if","locations":[{"start":{"line":200,"column":12},"end":{"line":200,"column":12}},{"start":{"line":200,"column":12},"end":{"line":200,"column":12}}]},"22":{"line":206,"type":"if","locations":[{"start":{"line":206,"column":8},"end":{"line":206,"column":8}},{"start":{"line":206,"column":8},"end":{"line":206,"column":8}}]},"23":{"line":248,"type":"if","locations":[{"start":{"line":248,"column":8},"end":{"line":248,"column":8}},{"start":{"line":248,"column":8},"end":{"line":248,"column":8}}]},"24":{"line":249,"type":"if","locations":[{"start":{"line":249,"column":8},"end":{"line":249,"column":8}},{"start":{"line":249,"column":8},"end":{"line":249,"column":8}}]},"25":{"line":252,"type":"if","locations":[{"start":{"line":252,"column":8},"end":{"line":252,"column":8}},{"start":{"line":252,"column":8},"end":{"line":252,"column":8}}]},"26":{"line":253,"type":"cond-expr","locations":[{"start":{"line":253,"column":12},"end":{"line":253,"column":51}},{"start":{"line":254,"column":12},"end":{"line":254,"column":51}}]},"27":{"line":257,"type":"if","locations":[{"start":{"line":257,"column":8},"end":{"line":257,"column":8}},{"start":{"line":257,"column":8},"end":{"line":257,"column":8}}]},"28":{"line":258,"type":"if","locations":[{"start":{"line":258,"column":8},"end":{"line":258,"column":8}},{"start":{"line":258,"column":8},"end":{"line":258,"column":8}}]},"29":{"line":262,"type":"if","locations":[{"start":{"line":262,"column":45},"end":{"line":262,"column":52}},{"start":{"line":262,"column":56},"end":{"line":262,"column":63}}]},"30":{"line":263,"type":"if","locations":[{"start":{"line":263,"column":45},"end":{"line":263,"column":52}},{"start":{"line":263,"column":56},"end":{"line":263,"column":63}}]},"31":{"line":267,"type":"if","locations":[{"start":{"line":267,"column":8},"end":{"line":267,"column":8}},{"start":{"line":267,"column":8},"end":{"line":267,"column":8}}]},"32":{"line":272,"type":"if","locations":[{"start":{"line":272,"column":8},"end":{"line":272,"column":8}},{"start":{"line":272,"column":8},"end":{"line":272,"column":8}}]},"33":{"line":273,"type":"if","locations":[{"start":{"line":273,"column":8},"end":{"line":273,"column":8}},{"start":{"line":273,"column":8},"end":{"line":273,"column":8}}]},"34":{"line":278,"type":"if","locations":[{"start":{"line":278,"column":8},"end":{"line":278,"column":8}},{"start":{"line":278,"column":8},"end":{"line":278,"column":8}}]},"35":{"line":314,"type":"if","locations":[{"start":{"line":314,"column":8},"end":{"line":314,"column":8}},{"start":{"line":314,"column":8},"end":{"line":314,"column":8}}]},"36":{"line":315,"type":"if","locations":[{"start":{"line":315,"column":8},"end":{"line":315,"column":8}},{"start":{"line":315,"column":8},"end":{"line":315,"column":8}}]},"37":{"line":318,"type":"if","locations":[{"start":{"line":318,"column":8},"end":{"line":318,"column":8}},{"start":{"line":318,"column":8},"end":{"line":318,"column":8}}]},"38":{"line":319,"type":"if","locations":[{"start":{"line":319,"column":8},"end":{"line":319,"column":8}},{"start":{"line":319,"column":8},"end":{"line":319,"column":8}}]},"39":{"line":320,"type":"if","locations":[{"start":{"line":320,"column":8},"end":{"line":320,"column":8}},{"start":{"line":320,"column":8},"end":{"line":320,"column":8}}]},"40":{"line":325,"type":"if","locations":[{"start":{"line":325,"column":8},"end":{"line":325,"column":8}},{"start":{"line":325,"column":8},"end":{"line":325,"column":8}}]},"41":{"line":326,"type":"cond-expr","locations":[{"start":{"line":326,"column":12},"end":{"line":326,"column":54}},{"start":{"line":327,"column":12},"end":{"line":327,"column":54}}]},"42":{"line":335,"type":"if","locations":[{"start":{"line":335,"column":47},"end":{"line":335,"column":54}},{"start":{"line":335,"column":58},"end":{"line":335,"column":65}}]},"43":{"line":336,"type":"if","locations":[{"start":{"line":336,"column":48},"end":{"line":336,"column":55}},{"start":{"line":336,"column":59},"end":{"line":336,"column":66}}]},"44":{"line":338,"type":"if","locations":[{"start":{"line":338,"column":8},"end":{"line":338,"column":8}},{"start":{"line":338,"column":8},"end":{"line":338,"column":8}}]},"45":{"line":342,"type":"if","locations":[{"start":{"line":342,"column":8},"end":{"line":342,"column":8}},{"start":{"line":342,"column":8},"end":{"line":342,"column":8}}]},"46":{"line":344,"type":"if","locations":[{"start":{"line":344,"column":8},"end":{"line":344,"column":8}},{"start":{"line":344,"column":8},"end":{"line":344,"column":8}}]},"47":{"line":372,"type":"if","locations":[{"start":{"line":372,"column":8},"end":{"line":372,"column":8}},{"start":{"line":372,"column":8},"end":{"line":372,"column":8}}]},"48":{"line":373,"type":"if","locations":[{"start":{"line":373,"column":8},"end":{"line":373,"column":8}},{"start":{"line":373,"column":8},"end":{"line":373,"column":8}}]},"49":{"line":374,"type":"cond-expr","locations":[{"start":{"line":374,"column":12},"end":{"line":374,"column":51}},{"start":{"line":375,"column":12},"end":{"line":375,"column":51}}]},"50":{"line":379,"type":"if","locations":[{"start":{"line":379,"column":8},"end":{"line":379,"column":8}},{"start":{"line":379,"column":8},"end":{"line":379,"column":8}}]},"51":{"line":379,"type":"cond-expr","locations":[{"start":{"line":379,"column":12},"end":{"line":379,"column":24}},{"start":{"line":379,"column":29},"end":{"line":379,"column":41}}]},"52":{"line":383,"type":"if","locations":[{"start":{"line":383,"column":45},"end":{"line":383,"column":52}},{"start":{"line":383,"column":56},"end":{"line":383,"column":63}}]},"53":{"line":384,"type":"if","locations":[{"start":{"line":384,"column":45},"end":{"line":384,"column":52}},{"start":{"line":384,"column":56},"end":{"line":384,"column":63}}]},"54":{"line":402,"type":"if","locations":[{"start":{"line":402,"column":8},"end":{"line":402,"column":8}},{"start":{"line":402,"column":8},"end":{"line":402,"column":8}}]}}},
"contracts/TokenA.sol":{"l":{"15":23},"path":"/home/transfor/TP-Modulo-4/contracts/TokenA.sol","s":{"1":23},"b":{"1":[23,0]},"f":{"1":23,"2":23},"fnMap":{"1":{"name":"constructor","line":11,"loc":{"start":{"line":9,"column":4},"end":{"line":12,"column":5}}},"2":{"name":"mint","line":14,"loc":{"start":{"line":14,"column":4},"end":{"line":16,"column":4}}}},"statementMap":{"1":{"start":{"line":15,"column":8},"end":{"line":15,"column":24}}},"branchMap":{"1":{"line":14,"type":"if","locations":[{"start":{"line":14,"column":53},"end":{"line":14,"column":53}},{"start":{"line":14,"column":53},"end":{"line":14,"column":53}}]}}},
"contracts/TokenB.sol":{"l":{"15":23},"path":"/home/transfor/TP-Modulo-4/contracts/TokenB.sol","s":{"1":23},"b":{"1":[23,0]},"f":{"1":23,"2":23},"fnMap":{"1":{"name":"constructor","line":11,"loc":{"start":{"line":9,"column":4},"end":{"line":12,"column":5}}},"2":{"name":"mint","line":14,"loc":{"start":{"line":14,"column":4},"end":{"line":16,"column":4}}}},"statementMap":{"1":{"start":{"line":15,"column":8},"end":{"line":15,"column":24}}},"branchMap":{"1":{"line":14,"type":"if","locations":[{"start":{"line":14,"column":53},"end":{"line":14,"column":53}},{"start":{"line":14,"column":53},"end":{"line":14,"column":53}}]}}}}
