TN:
SF:/home/transfor/TP-Modulo-4/contracts/SimpleSwap.sol
FN:70,constructor
FN:117,ensure
FN:146,addLiquidity
FN:249,removeLiquidity
FN:315,swapExactTokensForTokens
FN:367,getPrice
FN:394,getAmountOut
FNF:7
FNH:7
FNDA:23,constructor
FNDA:31,ensure
FNDA:18,addLiquidity
FNDA:5,removeLiquidity
FNDA:5,swapExactTokensForTokens
FNDA:6,getPrice
FNDA:3,getAmountOut
DA:71,23
DA:72,23
DA:74,23
DA:75,12
DA:76,12
DA:78,11
DA:79,11
DA:118,31
DA:119,28
DA:153,18
DA:158,18
DA:159,18
DA:161,17
DA:162,17
DA:163,17
DA:164,17
DA:165,17
DA:167,17
DA:168,15
DA:169,15
DA:170,15
DA:171,15
DA:173,2
DA:177,2
DA:178,1
DA:182,0
DA:183,0
DA:185,1
DA:188,1
DA:192,0
DA:193,0
DA:196,0
DA:200,0
DA:203,15
DA:204,15
DA:206,15
DA:207,9
DA:208,9
DA:210,6
DA:211,6
DA:214,15
DA:215,15
DA:217,15
DA:225,15
DA:252,5
DA:257,5
DA:258,5
DA:260,5
DA:261,5
DA:262,5
DA:263,5
DA:264,5
DA:265,5
DA:267,5
DA:269,4
DA:270,4
DA:272,4
DA:273,3
DA:275,2
DA:276,2
DA:278,2
DA:279,1
DA:280,1
DA:282,1
DA:283,1
DA:286,2
DA:287,2
DA:289,2
DA:296,2
DA:318,5
DA:319,5
DA:320,5
DA:322,4
DA:323,4
DA:325,4
DA:331,3
DA:333,3
DA:334,3
DA:335,3
DA:336,3
DA:338,3
DA:340,3
DA:342,3
DA:344,2
DA:345,1
DA:346,1
DA:348,1
DA:349,1
DA:352,2
DA:354,2
DA:356,2
DA:357,2
DA:358,2
DA:360,2
DA:372,6
DA:373,4
DA:379,3
DA:381,2
DA:382,2
DA:383,2
DA:384,2
DA:386,2
DA:399,3
DA:400,3
DA:401,3
DA:402,3
DA:403,3
LF:107
LH:101
BRDA:71,1,0,23
BRDA:71,1,1,0
BRDA:72,2,0,23
BRDA:72,2,1,0
BRDA:74,3,0,12
BRDA:74,3,1,11
BRDA:118,4,0,28
BRDA:118,4,1,3
BRDA:145,5,0,19
BRDA:145,5,1,0
BRDA:146,6,0,18
BRDA:146,6,1,1
BRDA:153,7,0,18
BRDA:153,7,1,0
BRDA:154,8,0,9
BRDA:154,8,1,9
BRDA:158,9,0,18
BRDA:158,9,1,0
BRDA:159,10,0,17
BRDA:159,10,1,1
BRDA:159,11,0,17
BRDA:159,11,1,0
BRDA:163,12,0,9
BRDA:163,12,1,8
BRDA:164,13,0,9
BRDA:164,13,1,8
BRDA:167,14,0,15
BRDA:167,14,1,2
BRDA:171,15,0,15
BRDA:171,15,1,0
BRDA:174,16,0,2
BRDA:174,16,1,0
BRDA:177,17,0,1
BRDA:177,17,1,1
BRDA:178,18,0,0
BRDA:178,18,1,1
BRDA:186,19,0,1
BRDA:186,19,1,0
BRDA:188,20,0,0
BRDA:188,20,1,1
BRDA:200,21,0,0
BRDA:200,21,1,0
BRDA:206,22,0,9
BRDA:206,22,1,6
BRDA:248,23,0,6
BRDA:248,23,1,0
BRDA:249,24,0,5
BRDA:249,24,1,1
BRDA:252,25,0,5
BRDA:252,25,1,0
BRDA:253,26,0,4
BRDA:253,26,1,1
BRDA:257,27,0,5
BRDA:257,27,1,0
BRDA:258,28,0,5
BRDA:258,28,1,0
BRDA:262,29,0,4
BRDA:262,29,1,1
BRDA:263,30,0,4
BRDA:263,30,1,1
BRDA:267,31,0,4
BRDA:267,31,1,1
BRDA:272,32,0,3
BRDA:272,32,1,1
BRDA:273,33,0,2
BRDA:273,33,1,1
BRDA:278,34,0,1
BRDA:278,34,1,1
BRDA:314,35,0,6
BRDA:314,35,1,0
BRDA:315,36,0,5
BRDA:315,36,1,1
BRDA:318,37,0,5
BRDA:318,37,1,0
BRDA:319,38,0,5
BRDA:319,38,1,0
BRDA:320,39,0,4
BRDA:320,39,1,1
BRDA:325,40,0,3
BRDA:325,40,1,1
BRDA:326,41,0,2
BRDA:326,41,1,1
BRDA:335,42,0,2
BRDA:335,42,1,1
BRDA:336,43,0,2
BRDA:336,43,1,1
BRDA:338,44,0,3
BRDA:338,44,1,0
BRDA:342,45,0,2
BRDA:342,45,1,1
BRDA:344,46,0,1
BRDA:344,46,1,1
BRDA:372,47,0,4
BRDA:372,47,1,2
BRDA:373,48,0,3
BRDA:373,48,1,1
BRDA:374,49,0,2
BRDA:374,49,1,1
BRDA:379,50,0,1
BRDA:379,50,1,2
BRDA:379,51,0,1
BRDA:379,51,1,0
BRDA:383,52,0,1
BRDA:383,52,1,1
BRDA:384,53,0,1
BRDA:384,53,1,1
BRDA:402,54,0,0
BRDA:402,54,1,3
BRF:108
BRH:85
end_of_record
TN:
SF:/home/transfor/TP-Modulo-4/contracts/TokenA.sol
FN:11,constructor
FN:14,mint
FNF:2
FNH:2
FNDA:23,constructor
FNDA:23,mint
DA:15,23
LF:1
LH:1
BRDA:14,1,0,23
BRDA:14,1,1,0
BRF:2
BRH:1
end_of_record
TN:
SF:/home/transfor/TP-Modulo-4/contracts/TokenB.sol
FN:11,constructor
FN:14,mint
FNF:2
FNH:2
FNDA:23,constructor
FNDA:23,mint
DA:15,23
LF:1
LH:1
BRDA:14,1,0,23
BRDA:14,1,1,0
BRF:2
BRH:1
end_of_record
